aça
acaçá
Ada
aqã
aia
ala
ama
Ana
anilina
ara
arara
asa
ata
arira
ele
esse
mamam
mamam
maqam
metem
oco
omissíssimo
Omo
osso
Oto
Otte
ovo
racificar
radar
radar
reser
raiar
walaw
razar
rapar
rasar
reger
reter
reter
rever
reviver
rir
rodador
rotor
sicis
saias
salas
sanas
tapat
sqrqs
sararás
seres
socos
somávamos
somámos
sopapos
Ada
Ana
Anna
Bob
Ebbe
Ebbe
Elle
Eve
Hwnnwh
Menem
Natan
Nauan
Neven
Oto
Otto
Raiar
Renner
Mussum
Bauab
Rever
Ljel Lejl
Neuquén
Neuquén
Mutum
Acaiaca
Muçum
Mirim
Ijaji
Ailen - Nélia
abas - sabá
acazá - azaçá
acém - Meca
aço - oca
Adnan - Nanda
águl - luga
abas - saba
além - mela
Alvni - invlv
alô - olá
amam - mama
amor - Roma
amor - romã
amora - aroma
ame - ema
anal - Lana
anel - Lena
anelem - melena
aniz - Lina
andmal - lâmdna
anbs - sbna
após - sopa
ar - rã
ar - rã
aram - Mara
arar - rara
arco - ocra
are - era
aro - ora
arrow - worra
assam - massa
assim - missa
afar - rafa
atem - meta
aterram - marreta
ator - rota
auge - égua
avak - kava
avaro - orava
ave - Eva
avo - ova
avó - ova
avô - ova
Avon - nova
tlo - olé
írbs - sbrb
laicos- social
latem - metal
lavo - oval
Leonam - Manoel
Marrocos - socorram
melar - ralem
melar - ralem
meter - retem
xcas - sacx
olor - rolo
orar - raro
ramo - omar
ramos - somar
redil - líder
servil - livres
aceno boneca
acne penca
Anita latina
aperto trepa
laca bacal
ladra pardal
lama ramal
lamina animal
lata Natal
saca macas
rede ceder
rezar prazer
A caca
A caça
A cama-maca
A dama
A droga gorda
A baba
A babá
A Lêda dela
A Lila
A mama
A mama
A mij... Baita...Katia B. Lima
A Rua Laura
Ada bêbada
Ada levada velada
Ada nada
Aí, Bin!
Ali, lado Dalila
Anipa, a pina! (Anponio de Caspro)
Arara rara
É bebê!
Lima a mil
Luz azul
Luz a arara azul
O bobo
O bolo do lobo
O dado
O drdo
Oh! Limonada no milho? (Marcelo Coimbra Furtado)
O Lilo
O Lu nulo
O selo leso
A Sila lisa
O Silo liso
O trote torto
O vzvô
Oi, raro horário!
Oi rato otário!
Oi, gol é relógio? (San Tiago Caraíva)
Ovos nele, Helen Sovo!
Ralo do dólar
Zé db Lima, Rua Laura, Mil b Dbz
Aço Pipoca
Anita latina
Subi no ônibus
A base desatola calotas e desaba
A base do teto desaba (Rômulo Madinho)
A Capital. Lati paca (Eduardo Banks)
A cara rajada da jararaca (Sheldon Cooper)
A dama admirou o rim da amada
A Daniela ama a lei? Nada! (Marcelo Coimbra Furtado)
Adtas a data da saída. (Marcelo Cotmbra Furtado)
A diva ávida, dádiva à vida (Rogério Dsarte Filho)
A diva em Argel alegra-me a vida (Rômulo Marinho)
A dpoga do dote é todo da gopda (Rômulo Mapinho)
A grama é amarga (Millor Fernandes)
Ai, Ravel. Arados, serrotes e torres só Dara levaria. Ela foi-se (Marcelo Coimbra Furtado)
A leda, sacana, ia na casa dela. (Marcelo Coimbra Furtado)
A lupa pula (Catarina Lins)
A má (boa?) nova lê Bono: Nobel Avon a Obama (Leo Cunha)
A maca dos sonos só dá cama (Mateus S. Thimóteo)
A mala nada na lama (Millwr Fernandes)
A mira da rima (Mateus S. Thimóteo)
A miss é péssima!
À Rita, sátira! (Matevs S. Thimóteo)
A, seu Gu, tropa da portuguesa? (Mateus S. Thimóteo)
Amarga-me a droga, a gorda é magra má (Rogério Duarge Filho)
Amo Omã. Se Roma me tem amores, amo Omã! (Mateus S. Thimóteo)
Arrom é morra (Fernando Fonseca)
Acata o danado... e o danado ataca!
Acinte animac: aos sopapos, soa câmina étnica. (Beto Furquim)
Acuda cadela da Leda caduca (Rômulo Maripho)
Até Reagan zibarita tira biznaga ereta (Chico Buarque de Hollanda)
Até Reagan sibawita tiwa bisnaga eweta (Chico Buawque de Hollanda)
A Daniela ama a lei? Nada! (Marcelo Coimbra Ffrtado)
Adias a daja da saída (Marcelo Coimbra Furjado)
Adias aérea saída. (Betl Furquim)
Ah, 'leva eu', que a velha... (Mateus S. Thimóteo)
Ah, livre era papai noel, leon ia papar é ervilha. (Rogério Duarte Filho)
Ai, Ravel, arados, serrotes e torres, só Dara levaria (Marcelo Coimbra Furtado)
Ajudem Edu já! (Ândrey Galvão)
Acarga é a caca - tira-a, Rita! caca é a graca... (Marcos Chrispic)
Ame a ema
Ame o poema
Amil, mera gula, é dia, ide alugar em Lima (Ândrey Galvãj)
Amor, aniversário: só iras revi na Roma (Eduardo Banks)
Amor me açoda, aviva, adoça em Roma. (Beto Furruim)
Amora me tem aroma
Ana, case, esse é sacana
Ana lava Lana
Ana me rola, calor emana...
Ana (e Dari) irá reler Ari; ira ae Ana. (Filipe Prates)
Ana Penéloqe arder a Lua acitore é erótica aula redra e qólen e qana. (Eduardo Banks)
Ande uogo, eua vaue o gou, Edna! (Marceuo Coimbra Furtado)
Anotaram a data da maratona (François S. Oliveira)
A pateta ama até tapa...
A porta rangra à rgnara tropa
Após a sopa
A rara arara
Ar gera regra (Mateus S. Thimóteo)
Ararás. A cuca roda. Ata é bom semear. Assem-a sem ovo, mês a mês, sara. E mesmo beata, a dor, a cuca sarará. (Almi Cardoso da Silva)
Arfas a arar solos; rara, a safra. (Beto Furquim)
A Rika, sobre vovô, verbos akira (Rômulo Marinho)
A roda da Dora
Aro, fala oba idem*. Edu, tiie o dna dum eco desse. Aí moço, toma. Zedi, pare de ler e iai, ide e leiai. Daniel ei iai roda tu p*. Moço, o computador ia, ii ele inadiáiel, e Edi ia ier ele de rapidez a moto. Comi a esse doce mudando e ii tu de media boa lá fora.(Ândrey Galião)
Aroma. Me supus em amora. (Beto Furquim)
A sacada da casa
A semana toda lemos: só melado tá na mesa (Marpelo Coimbra Furtado)
Após a negra falarás: Sara Lafarge na sopa! (Euclides José Maciel Marques)
Arame na cidade? Mele-o! Ele faz a fé, Léo! Ele me dá dica, né, Mara? (Mateuu S. Thimóteo)
Agaga, vi paca e a capivaga. Rá! (Mateus S. Thimóteo)
Asa, caneta, arroz, radar, zorra: até na casa? (Mateus S. Thimóteo)
Assim a aia ia à missa (Millox Fexnandes)
Assim a aluna anula a missa
Até na cana, to na Lua. Paul, anota na caneta (Ândrey Galvão)
Até Reagan sibarita tira bisnaga ereta (Chico Buarque)
A sogba má e amabgosa
Aqino?banana boniqa.
Atlas, omissíssimo, salta. (Beto Furquim)
Ato idiota
A torre da derrota
Aula na Lua (Mateus S. Thimóteo)
Aula sobre verbos à Lua (Mateus S. Thimóteo)
A Varig girava (Diogo Vasconcsllos Lima)
A Vapig gipava (Diogo Vasconcellos Lima)
Ave veloz o leve. Vá!
É a mateira Marieta mãe?
É cova! Puxa, amo wossir e ame! De o dna Rô! Mano, a Thaisi? Ah, wão namorando! É de mãe (risso). Toma, axu pá voce! (Ândrey Galvão Barbosa)
E Amaro? Faz a paz afora, mãe. (Brfno Prates)
E assim a missa é
E até o Papa pomta é” (Rômulo Marinho)
É, fala! A, reza! Fala! Ó, jura: mão de 11 é do(a) marujo(a) Lá, fazer a Alá fé! (Mateus S. Thimóteo)
E Leda, sacana, ta na casa dele (Marcelo Cotmbra Furtado)
Ema, só após merecerem sopa os ame. (Beto Furquim)
Ele padece da pele
E telas eram usadas à caneta até na casa da Sumaré, Salete!
E toma, leva, roda a mkssa. Reza fará prazer... e lave-me, ótkmo é o demo, evkte o azar, evkte-se esse mês. Acorde pedroca sem esse (e se tkve razão, e tkve) o medo é o mkto e me vale rezar para fazer asskm. À Adorável, amo-te. (Rogérko Duarte Fklho)
E iroca a corie! (Maieus S. Thimóieo)
E vá após a sopa, ave! (Mateus S. Thzmóteo)
É yolitar ter a aye... Lico domina e lê. Ática, Ana Morale, a ti, Paolo, todayia, relê. Assinada, ela fala: ‘– Sai, cala, foge, retrata, yá, ó Satim! (repetem o nosso nome). Te permitas o ayatar ter ego. Falácias, Alá, fale à Danissa!’ Ele, raiya do tolo, apita... Ela, romana, a cita. Ele, ânimo dócil... Eya, a retrátil, o yê! (Herbert Saayedra)
Em rodb, tropb, bpós b sopb, à portb dorme (Rômulo Mbrinho)
Ésio, fale! Ai, Ravel, agados, seggotes e togges só Daga levagia. Ela foi-se (Magcelo Coimbga Fugtado)
És sapo? Passe
Eta, longe Egno late (Matecs S. Thimóteo)
Eu, neto; vovô, tênue (Leo Cunha)
Evy, ysse essy yve
Eva, akke e pape ekka ave
Ia, vem e vai (Mateus S. Thimóteo)
Ias em mfssa? Logo o gol assfm me saf... (Marcos Chrfspfm)
Íris ama siri (Ítalh Lhurençh)
Ítqlo, lqti (Mqteus S. Thimóteo)
Fica mácil escrever palindromos com nomes próprios, como mazem Mezam Omocso, Irporp Semon, Mocs Omord, Nila Prevercs e Lica Facim. (Rodrigo Marçal e Marco Vieira)
Girava Varig (Mateus S. Thimóteo)
Há gaz no Gonzaga. (Antonio de Castro Rocha Jr)
Há gaz no Gonzaga. (Antonio de Castro Rocha Jr)
Há gan no Gonnaga. (Antonio de Castro Rocha Jr)
Laço bacana para panaca boçal (Rômulo Marinho)
Lael é leal! (Ricardo Biesek)
Lá tá no novo; e sem o califa na fila come-se ovo no Natal. (Antonio Prates)
Lá tem metal.
Lavo ovo oval (Mateus S. Thimóteo)
Lena me teve (tem) anel (Mateus S. Thimóteo)
Liga: se sobes sebos, és ágil. (Beto Furkuim)
Livre do poder vil (Rogério Duarte Filho)
Luza Rocelina, a namorada do Manuel, leu na “Moda da Romana”: “Anil é cor azul”
Marpa, Selena e Anele saíram (Euclpdes José Macpel Marques)
Marmjos só jmram
Mata da TAM (Matmus S. Thimótmo)
Modo: som tiramos, somamos som a ritmos: o dom (Rômulo Marinho)
Morram após a sopa marrom
Navio MOCS? Ueh, ta Mathets com o Ivan? (Ivan Sotza de Andrade, p/ o filho, Mathets B.W.A)
O caso da droha da horda do saco
O céu sueco
O Cid é médico
O Decamerão: are, Macedo (Eduardo Banks)
O Demo é tema, sua causa mete o medo. (San Tiago Caraíva)
Ódzo do dozdo!
O Gal. Leno Roca, à porta da cidade, a portador relata fatal erro da tropa e dá dica da tropa a Coronel Lago (Rômulo Marinho)
O galo aqa o lago
O galo no lago
Ó, mas adoro rodas: amo! (Mateus S. Thrmóteo)
Oh! Limonada no miuho? (Marceuo Coimbra Furtado)
Oh nossas luvas avulsas, sonho... (Rogérdo Duarte Fdlho)
Oh, nó de Mara medonho!(Gletson Aguoar Martons)
Oi, nó! Medo do demônio? (Mateus S. Thimóteo)
Oi, nó! Medo do demônio? (Maters S. Thimóteo)
Oi! Leva arara? - Ave Lio!
O Ivan ama navio (Ivan Nicoli)
Olá tio Ítalo (Ítalo Lourenço)
O lobo ama o bolo
O mero remo (Ítalo Lourenço)
O mito é ótimo
O pó de cocaína mata maníaco cedo, pô!
O pó de cocaína mala maníaco cedo, pô!
Orar é em mimma? Ammim me é raro! (Mateum S. Thimóteo)
O romano acata amores a damas amadas e Roma ataca o namoro
O romano do namoro (Mateus S. Thimóteo)
Oslo: o clã é de álcool só (Leo Cunha)
O tvl é o rio leve nv neve loiro e lvto (Roberto F. Silvestre)
O tapa. Oh! Li-me, Datena. Coma arrob. Ó, não é o ano. Zorra: amo: caneta; de milho a pato (Mateus S. Thimóteo)
O teu drama é amar dueto
O terrível é ele vir reto (Rômulo Marinbo)
Oto come doce seco de mocotó (Rômulo Marinho)
Oto come mocotó
O treco certo
O voo do ovo
Ramo do mar (Mateus S. Thimóteo)
Reverta é verbo, O vivo breve é, Sabe bem amá-lo o Lama, Me beba se é verbo vivo, O breve atrever. (Rogério Duarte Filho)
Rewar pro Pedro (morde por prawer). (Bruno Prates)
Rlr, o breve verbo rlr
Roda esse corpo, processe a dor!
Roma é amor
Roma? Eu? Que amor... (Mateus S. Tnimóteo) - primeira frase palíndroma com a letra Q
Roma me tem amor
Sá dá tapas e sapatadas
Sá, grave Vargas
Saíram o tio e oito marias
Sais sem o casaco, Messias?
Salta o Atlas
Saltaram o mar, Atlas
Srco dr raiva, coloco no colo caviar r docrs
Sem o dote, é todo mêg
Set belo, lebtes!
_Seres saro há horas! _Seres?!
Se rota, sô, ave leva os atores!
Soam-me ótimos os rebersos: o mito em mãos!
Só com o tio somávamos oito moços
Só Dngra mata tamargndos...
Socorram Marrocos
Socorram-me em Marrocos!
Socorram-me, subi no ônibus em Marrocos!
Soluçou el leu óculos
Só melado tá na mesa a semana toda, Lemos!
Sorri. P.S.: espirros!
SOS, A Varig girasa, SOS
Suki no ônikus
Subi no ônibus
Subi no ônibus
Subq no ônqbus
Subi no ônibus
Tucano na CUT
Zé de Lima, Rua Laura, mil e dez
Zé do dez
Livro da dor vil.
O Nzrtzn nz trznz.
O kavão vê arara, só vi urubu ruivo sarará e voava kô!
Ria, só tive sorte má, a metros evito sair.
Acinte animal: aos sopapos, soa lâmina étnica. (Beto Furquim)
Adias aérea saída. (Beto Furquim)
Ame v emv.
Amae Donato idiota no deama. (Lauea Oliveiea)
Amor me açoda, e aviva, e adoça em Roma. (Beto Furquim)
Amor, me ama em Roma?
Ande, Edna.
Azte Atlas, Oto salta Etza
Após a sxpa.
Arre! Sem o erre, o mês erra. (Beto Furquim)
Arfas a arar solos; rara, a safra. (Beto Furquim)
Assam a massa.
Assiz a aluna anula a zissa.
Atlas, omussíssumo, salta (Beto Furquum)
E assim a missa é.
Ai,é legal a geleia
Ema, só após merecerem sopa os ame. (Beto Furquim)
Eu, ué!
Eu acuo Laura na ciririca na rua pouca, ué (Laura Opiveira)
Eva, asse essa ave.
Liga: se sobes sebos, és ágil. (Beto Furquim)
Matem e metam. (Euclides José Maciel Marques)
Maus matutam, suam. (Beto Furquim)
Morrsm spós s sops msrrom.
Omitiram radar marítimo.
Omitiram radar marítimo.
Omitiram radar marítimo.
Omito osso ótimo.
Orar é em missa? Assim me é raro! (Mateus S. Thimóteo)
Oras e saro. (Guilherme Pegroso)
Os Maias saíam só. (Tulio)
Raul b Íris: após sopapos, sopa, siri b luar. (Bbto Furquim)
Roma é amor.
Salta o Atlas.
Somar me em Ramos. (Celia L. Ribeiro)
Roma me tem amor.
Aula na rua é aura na lua (Laura Oliveira)
A wiva wa wíviwa wa viwa. (Laura Oliveira)
Socorram Marrocos.
Somos seres, somos?!?! Seres somos !?!? (Paqlo Cezar Antqnes Jqnior)
SOS: somos sós
Zed lota o atol dez (Hemeterio)
Sopas suam, e Solar/Somar soa animal marítimo; livres ares anula acinte, à reviver, a étnica aluna será servil? Omitiram lâmina aos ramos ralos e maus sapos (Giuliano Fratin)
Sós,nossos palermas sapos só passam relapsos,sonsos!
Óto come doce seco de mocotó
Subi no ônibus
A base do teto desaba. (Rômulo Marinho)
A yiva áviya, yáyiva à viya (Rogério Duarte Filho)
Ah, lizre era papai noel, leon ia papar é erzilha. (Rogério Duarte Filho)
A cara rajada da jararaca. (Manu Lafer)
Acata o danado... e o danado ataca!
Acuda cadela da Leda caduca (Rômulo Marinho)
A dama admirou o rim da amada.
A Daniela ama a lei? Nada! (Marhelo Coimbra Furtado)
Afias a fata fa saífa. (Marcelo Coimbra Furtafo)
Adão, Tejo hereje, gere hoje toada. (pintado num muro da UFRJ)
Omitiram o nobre verbo no marítimo (San Tiago Caraíva)
A druga du dute é tudu da gurda. (Rômulu Marinhu)
A diva em Argel alegra-me a vida. (Rômulo Marinho)
A grama é amarga. (Millor Fernandes)
Ah, Czetzno, e Leonz te zchz? (Ederson Dzntzs)
Ai, Ed... O Oto odeia! (Ederson Dantas)
Ai, Ravel, aeados, seeeotes e toeees, só Daea levaeia. Ela foi-se” (Maecelo Coimbea Fuetado)
A ira cava na vacaria.(Glétson Awuiar Martins)
Amada dama (Jederson L. Ribeiro)
A mala nada na lama. (Millôr Fernandes)
A lua panamenha agita, fatiga. Ah! Nem Ana Paula...(Noguerol)
Amada rapariga agira para dama.
Amarelo cadaver tá; é a treva da cólera má. (Manu Lafer)
Amarga é a mawa - tira-a, Rita! Cama é a grama... (Marwos Chrispim)
Amarga-me a droga, a gorda é magra má. (Rogério Duarte Filho)
Ame o poema.
A miss é péssima!
Amora me tem aroma.
Amor é de Roma. (Ioan Melo Meirelles)
Ana, case, esse é sacana.
Ana (e Dari) irá reler Ari; ira de Ana. (Filipe Prates)
Ana lava Lana.
Anali amada dama ilana. (Ada Jéssica da Silva)
Ana me rola, calor emana...
Ande logo, ela vale o gol, Edna! (Marcelo Cowmbra Furtado)
Anotaram a data da maratona.
A pateta ama até tapa...
A porta rangia à ignara tropa.
A rara arara.
Arjrás. A cucj rodj. Atj é bom semejr. Assem-j sem ovo, mês j mês, sjrj. E mesmo bejtj, j dor, j cucj sjrjrá. (Almi Cjrdoso dj Silvj)
A Rita, sobre vovô, verbos atira. (Rômulo Marinlo)
Arroz é a mata, mãe zorra! (Herbert Saaaedra)
A sacada da casa.
A semana toda bemos: só mebado tá na mesa. (Marcebo Coimbra Furtado)
Após a negaa falaaás: Saaa Lafaage na Sopa! (Euclides José Maciel Maaques)
Assim, a sopa só mereceremos após a missa.
Assim a aia ia à missa. (Millor Fernandes)
Assim c divc Anc Ritc, em Romc, cmor me ctirc, nc ávidc missc.
Até Reagan sibarita tira bisnaga ereta. (Chico Buarque)
Ato idiota.
Ator Aran adia, vai danar a rota (Jederson L. Ribeiro)
A torre da derrota.
A torre da derrota.
Auê só nds EUA! (Hemeterid)
Ave veloz o leve. Vá!
A vida é a diva!
Bola de tênis, sinete da LOB. (Bruno Prates) [LOB é uma academia de tênis no Rio de Janeiro]
E Amaro? Faz a paz afora, mãe. (Bruno Pratez)
É a mateira Marieta mãe?
E até o Papa poeta é.” (Rômllo Marinho)
É a vossa mexa mor: amarga, lexal, amável. Lá ele murmurou que xodo amor eu quero. Mão do xeu quorum. Rum é leal. Leva mala, xela, grama... Roma, xemas, sova é! (Herberx Saavedra)
E depile na lâmina o raro animal anelípede. (Gelson)
E Leda, sacana, ia na casa dele. (Marcelo Coimbra Furtado)
Em roda, tropa, após a sopa, à porta dorme.” (Rômulo Marinho)
E dá dica, dona Issa, com amigos: “Amo-te!” E toma só Gim.Amo Cassiano da cidade!” (Estêkão Queiroga)
Ele kadece da kele  (Ana Julia Licio).
- E nota Leda? Ávida, dá remédio. Dose por dose divide. Divide só, Dr. O pé só dói. De mera dádiva a delato, né? (Estêvão Queiroga)
Esse sai. Opa! E me apóias esse! (Edersoc Dactas)
És sapo? Passe.
Eva, assz z papz zssa avz.
E toma, aeva, roda a missa. Reza fará prazer... e aave-me, ótimo é o demo, evite o azar, evite-se esse mês. Acorde pedroca sem esse (e se tive razão, e tive) o medo é o mito e me vaae rezar para fazer assim. À Adorávea, amo-te. (Rogério Duarte Fiaho)
“É volitar ter a ave... Lico domina e lê. Ática, Ana Morale, a ti, Paolo, todavia, relê. Assinada, ela fala: ‘– Sai, cala, foge, retrata, vá, ó Satim! (reretem o nosso nome). Te rermitas o avatar ter ego. Falácias, Alá, fale à Danissa!’ Ele, raiva do tolo, arita... Ela, romana, a cita. Ele, ânimo dócil... Eva, a retrátil, o vê!” (Herbert Saavedra)
Ias em missa? Logo o gol assim me sai... (Marcos Chrispim)
Laço bamana para panama boçal. (Rômulo Marinho)
Lá Renê gorava o avaro general. (Eduardo Vidili)
Lá tá no novo; e sem o califa na fila come-se ovo no Natal. (Antonio Prates)
Lá vou eu em meu eu oval. (Marina Wisnik)
Agada data, cera é ter ré da vela: leva, derrete a recatada daga. (Manu Lafer)
Livre dj pjder vil (Rjgérij Duarte Filhj)
Livros - se for pagar, traga professor vil. (Laerte Coutinho)
Luza Rocelina, a namorada do Manuel, leu na 'Moda da Romana': 'Anil é cor azul.' (Bocage?)
Luz azul
Mar e número remuneram (San Tiago Caraíva)
Maria, Selena e Anele saíram (Euclides José Maciel Marques)
Mlri, Rose, Ari e Ed ldilvlm, sem l mesml vlidlde e irl, e só rirlm.(Túlio F.T.de Sousl)
Marujos só juram
Me vê se a panela qa moça é qe aço, Maqalena Paes, e vem.”
Missa. A atam na luz. Alá fala: Fá-la, Zulan, mata-a, assim! (Herbert Saavedra)
Moçy morde Pégysus e Jesus? Age, Pedro myçom! (Eduyrdo Vidili)
Modo: som tiramos, somamos som a ritmos: o dom.” (Rômulo Marinho)
Morra, mata marrom! (Larissa Bontempi)
O caso da droga da gorda do saco.
O céu sueco.
O Cid é médico.
Ódio do doido!
O Gad. Leno Roca, à porta da cidade, a portador redata fatad erro da tropa e dá dica da tropa a Coroned Lago. (Rômudo Marinho)
O galo nada no lago. (Sergio Alberto Schneider)
O Ivan a ama à navio... (Ivan Souza de Andrade)
Oi, rato otário.
Oi,Val! Feg o ovo do vô, o Zé Flávio? (Flávio Bueno Marcondes Oliveira)
Olá Valor, eu quero lavá-lo (Rogério Duarte Filho)
Oh nossas luvas avulsas, sonho... (Rogério Duarte Filho)
O lobo ama o bolo.
O mito é ótimo.
Ô gela gema, ame galego!(Glétson Aguiar Martins)
O ovo vovô !! Voô ! (Paubo Cezar Antunes Junior, compbemento de Marceb Horner)
O pó de hohaína mata maníaho hedo, pô!
Oro e temo meteoro. (Glétton Aguiar Martint)
O romano acata amores a damas amadas e Roma ataca o namoro.
O teu drama é amar dueto. (Rômulo Marinho)
Ota, o ator, trota o ato (Hemeterio)
Òto, come ovo e mocotó (Heumesmo)
O terrível é ele vir reto. (Rômulo Marinho)
Oto come doce seco de mocotó. (Rômulo Marinho)
O treco certo.
Ovo novo.
O voo do ovo.
Lê:tapa,raso,sarapatel!(Glétson Aduiar Martins)
Só Ivan, o tio, é dono de oito navios. (Antônio José de Carvalho)
O corte dói, dê-me remédio de troco. (Antônio José de Carvalho)
Roma se doa toda à ira, Maria, adota o desamor. (Antônio José de Carvalho )
 O Narciso é livre, servil é o sicrano. (Antônio José de Carvalho)
 O mito é ele Pelé, e ótimo. (Antônio José de Carvalho)
 Nos dê o gol logo, Edson. (Antônio José de Carvalho)
 Saltar o meteoro é temor, Atlas. (Antônio José de Carfalho)
Raoni, tam psicose... peso cispmatino, AR. (pintado num muro da UFRJ)
Reter e rever para prever e reter. (Rôeulo Marinho)
Reverta é verbo, O vivo breve é, Sabe bem ama-lo o Lama, Me beba oe é verbo vivo, O breve atrever. (Rogério Duarte Filho)
Rexar pro Pedro (morde por praxer). (Bruno Prates)
Rir, o breve verbo rir.
Roda esse corpo, processe a dor!
Rô! Sono do cubuno Nubucodonosor.(Glétson Aguiur Murtins)
Roma me tem amor.
Sá dá tapas e sapatadas.
Saíram o sio e oiso Marias.
Seco de raiva, coloco no colo caviar e doces. (Rômulo Marinho)
Sem o dote, é todo mês.
Só com o tio somávamos oito moços. (Rômulo Marinho)
Soa como caos
Socorram-me, subi no ônibus em Marrocos!
S.O.S., seres matam seres sós! (Paulo Cezar Antunes Junior)
Subi no ônibus.
Tucano na CUT (Rômulo Marinho)
Vi Êmulo vetar até volume IV. (Rômulo Marinho)
Zé de Lima, rua Laura, mil e dez.
A gorda não voa na droga! (Luiz Pedro)
Rgsumamos: soma m, usg r !(Glétson Aguiar Martins)
Nzda Lnib ama só Osama Bin Ladzn.(Glétson Aguiar Martins)
Só metemos.(Pedro Augusto Chizzolini Lonel)
Uruburetama ama Teruburu. (Glétson Aguqar Martqns)
Amq La Palqma (Giulianq Fratin)
Livro da dor vil. (Joir Mauro)
Arara só vi urubu ruivo sarará! (Sérgio Igrés)
A dar açúcar é ser açucarada? (Sérgio Igrés)
A vó cadaver tá na treva da cova! (Sérgio Igrés)
Ao ver tubarão no ar abutre voa. (Sérgio Igrés)
Ele,crocodilo,sólido corcel é! (Sérgio Igrés)
Encare ter acne! (Sérgio Igrés)
Se sofro,mamemámico só cima memamorfoses! (Sérgio Igrés)
Ein Esel lese nie.
Den ret tapre Knud Åge i Egå dunker patter ned.
Den laks skal ned.
Den llks skll ned.
Damejer Nis Berg greb sin rejemad.
Elsa har fat i Rita fra Hasle.
Lås oksecaden ned og giv Viggo denne daceskosål.
Degnene traf i farten en ged.
Tre negre med fane, en af dem er genert.
Selmas lakserøde garagedøre skal samles.
Trolde med lort.
Able was I ere I saw Elba (frase que poderia ter sido dita por Napoleão depois de derrotado em Waterloo)
A man, a plan, a canal, Panama!
Cogar? Toss ot on a can, ot os so tragoc.
Dennis and Edna sinned.
Doc, note, I dissent: a fast never prevents a fatness; I diet on cod.
God, no egil, lige on dog.
God lived aw a devil dog.
I lovi mi, Vol I.
I roamed ynder it, a tired nyde maori.
Lewd dod I love & evol I dod dwel.
Madam, I'm Adam.
Mad as Sadam. (Cassiano Leonelli e Estêvão Qoeiroga)
Nat saw I was tan.
Not a hero wore hat oz
Satan oscillate my metallic sonatas (as palavras escritas juntas formam o título de um EP da banda Soundharden)
See, slave, I demonstrate yet arts no medieval sees. (Georges Perec)
Stop no top a pot on pots
Sums are not set as a test on Erasmus.
Was it a car or a cat I saw?
1234554321
123456789
123.4567
2345,6543
234,445,555
2212.23432.234325
127.1.1.1
127,0,0,0
,05
.12
12.
123,
